<?xml version="1.0" encoding="UTF-8"?>
<!-- Generated by org.testng.reporters.JUnitXMLReporter -->
<testsuite ignored="0" hostname="cryzalis-ThinkPad-T430s" failures="0" tests="4" name="Default test" time="20.261" errors="0" timestamp="2023-06-08T15:46:55 GMT+03:00">
  <testcase classname="Test.Scenarios.TestMethods_softwaretestingboard" name="a_loginUserWithCorrectCredentials" time="4.063"/>
  <testcase classname="Test.Scenarios.TestMethods_softwaretestingboard" name="b_searchProductByName" time="2.428"/>
  <testcase classname="Test.Scenarios.TestMethods_softwaretestingboard" name="c_addProductToCart" time="3.797"/>
  <testcase classname="Test.Scenarios.TestMethods_softwaretestingboard" name="d_checkoutProcess" time="4.314"/>
</testsuite> <!-- Default test -->
