<?xml version="1.0" encoding="UTF-8"?>
<!-- Generated by org.testng.reporters.JUnitXMLReporter -->
<testsuite ignored="0" hostname="cryzalis-ThinkPad-T430s" failures="2" tests="5" name="Test" time="32.184" errors="0" timestamp="2023-06-14T08:30:57 GMT+03:00">
  <testcase classname="Test.Scenarios.TestMethodsRegistration" name="aRegisterNewUser" time="6.801">
    <failure type="java.lang.AssertionError" message="expected:&amp;lt;Create New Customer Account&amp;gt; but was:&amp;lt;My Account&amp;gt;">
      <![CDATA[java.lang.AssertionError: expected:<Create New Customer Account> but was:<My Account>
at Test.Scenarios.TestMethodsRegistration.aRegisterNewUser(TestMethodsRegistration.java:37)
at java.base/java.util.ArrayList.forEach(ArrayList.java:1511)
... Removed 29 stack frames]]>
    </failure>
  </testcase> <!-- aRegisterNewUser -->
  <testcase classname="Test.Scenarios.TestMethodsSoftwaretestingboard" name="bLoginUserWithCorrectCredentials" time="4.094"/>
  <testcase classname="Test.Scenarios.TestMethodsSoftwaretestingboard" name="cSearchProductByName" time="3.26"/>
  <testcase classname="Test.Scenarios.TestMethodsSoftwaretestingboard" name="dAddProductToCart" time="0.089">
    <failure type="org.openqa.selenium.ElementNotInteractableException" message="element not interactable: [object HTMLLIElement] has no size and location
  (Session info: chrome=110.0.5481.100)
Build info: version: &amp;apos;4.9.1&amp;apos;, revision: &amp;apos;eb2032df7f&amp;apos;
System info: os.name: &amp;apos;Linux&amp;apos;, os.arch: &amp;apos;amd64&amp;apos;, os.version: &amp;apos;5.15.0-72-generic&amp;apos;, java.version: &amp;apos;17.0.5&amp;apos;
Driver info: org.openqa.selenium.chrome.ChromeDriver
Command: [38ffc459811b8cfe1a3d5d88398dd795, actions {actions=[org.openqa.selenium.interactions.Sequence@138aa3cc]}]
Capabilities {acceptInsecureCerts: false, browserName: chrome, browserVersion: 110.0.5481.100, chrome: {chromedriverVersion: 110.0.5481.77 (65ed616c6e8e..., userDataDir: /tmp/.com.google.Chrome.sbXste}, goog:chromeOptions: {debuggerAddress: localhost:39173}, networkConnectionEnabled: false, pageLoadStrategy: normal, platformName: linux, proxy: Proxy(), se:cdp: ws://localhost:39173/devtoo..., se:cdpVersion: 110.0.5481.100, setWindowRect: true, strictFileInteractability: false, timeouts: {implicit: 0, pageLoad: 300000, script: 30000}, unhandledPromptBehavior: dismiss and notify, webauthn:extension:credBlob: true, webauthn:extension:largeBlob: true, webauthn:virtualAuthenticators: true}
Session ID: 38ffc459811b8cfe1a3d5d88398dd795">
      <![CDATA[org.openqa.selenium.ElementNotInteractableException: element not interactable: [object HTMLLIElement] has no size and location
  (Session info: chrome=110.0.5481.100)
Build info: version: '4.9.1', revision: 'eb2032df7f'
System info: os.name: 'Linux', os.arch: 'amd64', os.version: '5.15.0-72-generic', java.version: '17.0.5'
Driver info: org.openqa.selenium.chrome.ChromeDriver
Command: [38ffc459811b8cfe1a3d5d88398dd795, actions {actions=[org.openqa.selenium.interactions.Sequence@138aa3cc]}]
Capabilities {acceptInsecureCerts: false, browserName: chrome, browserVersion: 110.0.5481.100, chrome: {chromedriverVersion: 110.0.5481.77 (65ed616c6e8e..., userDataDir: /tmp/.com.google.Chrome.sbXste}, goog:chromeOptions: {debuggerAddress: localhost:39173}, networkConnectionEnabled: false, pageLoadStrategy: normal, platformName: linux, proxy: Proxy(), se:cdp: ws://localhost:39173/devtoo..., se:cdpVersion: 110.0.5481.100, setWindowRect: true, strictFileInteractability: false, timeouts: {implicit: 0, pageLoad: 300000, script: 30000}, unhandledPromptBehavior: dismiss and notify, webauthn:extension:credBlob: true, webauthn:extension:largeBlob: true, webauthn:virtualAuthenticators: true}
Session ID: 38ffc459811b8cfe1a3d5d88398dd795
at org.openqa.selenium.remote.codec.w3c.W3CHttpResponseCodec.createException(W3CHttpResponseCodec.java:200)
at org.openqa.selenium.remote.codec.w3c.W3CHttpResponseCodec.decode(W3CHttpResponseCodec.java:133)
at org.openqa.selenium.remote.codec.w3c.W3CHttpResponseCodec.decode(W3CHttpResponseCodec.java:53)
at org.openqa.selenium.remote.HttpCommandExecutor.execute(HttpCommandExecutor.java:193)
at org.openqa.selenium.remote.service.DriverCommandExecutor.invokeExecute(DriverCommandExecutor.java:183)
at org.openqa.selenium.remote.service.DriverCommandExecutor.execute(DriverCommandExecutor.java:158)
at org.openqa.selenium.remote.RemoteWebDriver.execute(RemoteWebDriver.java:543)
at org.openqa.selenium.remote.RemoteWebDriver.perform(RemoteWebDriver.java:611)
at org.openqa.selenium.interactions.Actions$BuiltAction.perform(Actions.java:567)
at org.openqa.selenium.interactions.Actions.perform(Actions.java:536)
at objects.CatalogSearchPage.scrollToFirstItem(CatalogSearchPage.java:29)
at Test.Scenarios.TestMethodsSoftwaretestingboard.dAddProductToCart(TestMethodsSoftwaretestingboard.java:65)
at java.base/java.util.ArrayList.forEach(ArrayList.java:1511)
... Removed 32 stack frames]]>
    </failure>
  </testcase> <!-- dAddProductToCart -->
  <testcase classname="Test.Scenarios.TestMethodsSoftwaretestingboard" name="eCheckoutProcess" time="5.593"/>
</testsuite> <!-- Test -->
