<?xml version="1.0" encoding="UTF-8"?>
<testng-results ignored="0" total="1" passed="1" failed="0" skipped="0">
  <reporter-output>
  </reporter-output>
  <suite started-at="2023-06-08T09:57:59 GMT+03:00" name="Surefire suite" finished-at="2023-06-08T09:58:08 GMT+03:00" duration-ms="9329">
    <groups>
    </groups>
    <test started-at="2023-06-08T09:57:59 GMT+03:00" name="Surefire test" finished-at="2023-06-08T09:58:08 GMT+03:00" duration-ms="9329">
      <class name="Test.Scenarios.TestMethods_GoogleSearch">
        <test-method is-config="true" signature="beforetest()[pri:0, instance:Test.Scenarios.TestMethods_GoogleSearch@2438dcd]" started-at="2023-06-08T09:57:59 GMT+03:00" name="beforetest" finished-at="2023-06-08T09:58:05 GMT+03:00" duration-ms="5830" status="PASS">
          <reporter-output>
          </reporter-output>
        </test-method> <!-- beforetest -->
        <test-method signature="SearchOperation()[pri:0, instance:Test.Scenarios.TestMethods_GoogleSearch@2438dcd]" started-at="2023-06-08T09:58:05 GMT+03:00" name="SearchOperation" finished-at="2023-06-08T09:58:08 GMT+03:00" duration-ms="3200" status="PASS">
          <reporter-output>
          </reporter-output>
        </test-method> <!-- SearchOperation -->
        <test-method is-config="true" signature="aftertest()[pri:0, instance:Test.Scenarios.TestMethods_GoogleSearch@2438dcd]" started-at="2023-06-08T09:58:08 GMT+03:00" name="aftertest" finished-at="2023-06-08T09:58:08 GMT+03:00" duration-ms="168" status="PASS">
          <reporter-output>
          </reporter-output>
        </test-method> <!-- aftertest -->
      </class> <!-- Test.Scenarios.TestMethods_GoogleSearch -->
    </test> <!-- Surefire test -->
  </suite> <!-- Surefire suite -->
</testng-results>
