<?xml version="1.0" encoding="UTF-8"?>
<testng-results ignored="0" total="4" passed="4" failed="0" skipped="0">
  <reporter-output>
  </reporter-output>
  <suite started-at="2023-06-09T07:47:05 GMT+03:00" name="Default suite" finished-at="2023-06-09T07:47:40 GMT+03:00" duration-ms="35364">
    <groups>
    </groups>
    <test started-at="2023-06-09T07:47:05 GMT+03:00" name="Default test" finished-at="2023-06-09T07:47:40 GMT+03:00" duration-ms="35364">
      <class name="Test.Scenarios.TestMethods_softwaretestingboard">
        <test-method is-config="true" signature="beforetest()[pri:0, instance:Test.Scenarios.TestMethods_softwaretestingboard@130e116b]" started-at="2023-06-09T07:47:05 GMT+03:00" name="beforetest" finished-at="2023-06-09T07:47:17 GMT+03:00" duration-ms="12207" status="PASS">
          <reporter-output>
          </reporter-output>
        </test-method> <!-- beforetest -->
        <test-method signature="b_loginUserWithCorrectCredentials()[pri:0, instance:Test.Scenarios.TestMethods_softwaretestingboard@130e116b]" started-at="2023-06-09T07:47:17 GMT+03:00" name="b_loginUserWithCorrectCredentials" finished-at="2023-06-09T07:47:22 GMT+03:00" duration-ms="4570" status="PASS">
          <reporter-output>
          </reporter-output>
        </test-method> <!-- b_loginUserWithCorrectCredentials -->
        <test-method signature="c_searchProductByName()[pri:0, instance:Test.Scenarios.TestMethods_softwaretestingboard@130e116b]" started-at="2023-06-09T07:47:22 GMT+03:00" name="c_searchProductByName" finished-at="2023-06-09T07:47:25 GMT+03:00" duration-ms="2868" status="PASS">
          <reporter-output>
          </reporter-output>
        </test-method> <!-- c_searchProductByName -->
        <test-method signature="d_addProductToCart()[pri:0, instance:Test.Scenarios.TestMethods_softwaretestingboard@130e116b]" started-at="2023-06-09T07:47:25 GMT+03:00" name="d_addProductToCart" finished-at="2023-06-09T07:47:30 GMT+03:00" duration-ms="5198" status="PASS">
          <reporter-output>
          </reporter-output>
        </test-method> <!-- d_addProductToCart -->
        <test-method signature="e_checkoutProcess()[pri:0, instance:Test.Scenarios.TestMethods_softwaretestingboard@130e116b]" started-at="2023-06-09T07:47:30 GMT+03:00" name="e_checkoutProcess" finished-at="2023-06-09T07:47:39 GMT+03:00" duration-ms="9191" status="PASS">
          <reporter-output>
          </reporter-output>
        </test-method> <!-- e_checkoutProcess -->
        <test-method is-config="true" signature="aftertest()[pri:0, instance:Test.Scenarios.TestMethods_softwaretestingboard@130e116b]" started-at="2023-06-09T07:47:39 GMT+03:00" name="aftertest" finished-at="2023-06-09T07:47:40 GMT+03:00" duration-ms="1031" status="PASS">
          <reporter-output>
          </reporter-output>
        </test-method> <!-- aftertest -->
      </class> <!-- Test.Scenarios.TestMethods_softwaretestingboard -->
    </test> <!-- Default test -->
  </suite> <!-- Default suite -->
</testng-results>
