<?xml version="1.0" encoding="UTF-8"?>
<!-- Generated by org.testng.reporters.JUnitReportReporter -->
<testsuite hostname="cryzalis-ThinkPad-T430s" failures="0" tests="4" name="Test.Scenarios.TestMethods_softwaretestingboard" time="21.827" errors="0" timestamp="2023-06-09T07:47:40 GMT+03:00" skipped="0">
  <testcase classname="Test.Scenarios.TestMethods_softwaretestingboard" name="c_searchProductByName" time="2.868"/>
  <testcase classname="Test.Scenarios.TestMethods_softwaretestingboard" name="d_addProductToCart" time="5.198"/>
  <testcase classname="Test.Scenarios.TestMethods_softwaretestingboard" name="e_checkoutProcess" time="9.191"/>
  <testcase classname="Test.Scenarios.TestMethods_softwaretestingboard" name="b_loginUserWithCorrectCredentials" time="4.570"/>
</testsuite> <!-- Test.Scenarios.TestMethods_softwaretestingboard -->
